<?xml version="1.0" encoding="UTF-8"?>
<testng-results ignored="0" total="1" passed="1" failed="0" skipped="0">
  <reporter-output>
  </reporter-output>
  <suite started-at="2023-03-09T21:29:40 IST" name="Default suite" finished-at="2023-03-09T21:30:18 IST" duration-ms="37775">
    <groups>
    </groups>
    <test started-at="2023-03-09T21:29:40 IST" name="Default test" finished-at="2023-03-09T21:30:18 IST" duration-ms="37775">
      <class name="Com.Test.DropDownTest">
        <test-method signature="verifyDropDowns()[pri:0, instance:Com.Test.DropDownTest@708f5957]" started-at="2023-03-09T21:29:40 IST" name="verifyDropDowns" finished-at="2023-03-09T21:30:17 IST" duration-ms="37531" status="PASS">
          <reporter-output>
          </reporter-output>
        </test-method> <!-- verifyDropDowns -->
      </class> <!-- Com.Test.DropDownTest -->
    </test> <!-- Default test -->
  </suite> <!-- Default suite -->
</testng-results>
